=== Build Started at fre 29 nov 2024 14:38:20 CET ===
Build Configuration:
- Build Type: Release
- Clean Build: 0
Using build directory: tmp/build-release
Configuring Release build...
Running cmake...
Finding oatpp in location=INSTALLED
OATPP_INCLUDE=/usr/local/include
OATPP_TEST_INCLUDE=/usr/local/include

############################################################################
## oatpp-mariadb module. Resolving dependencies...


############################################################################

target_link_oatpp(oatpp-mariadb) to installed oatpp lib
target_link_oatpp(oatpp-mariadb-tests) to installed oatpp lib

############################################################################
## oatpp-module-install.cmake

OATPP_THIS_MODULE_NAME=oatpp-mariadb
OATPP_THIS_MODULE_VERSION=1.3.0
OATPP_THIS_MODULE_LIBRARIES=oatpp-mariadb
OATPP_THIS_MODULE_TARGETS=oatpp-mariadb
OATPP_THIS_MODULE_DIRECTORIES=oatpp-mariadb

############################################################################

-- Configuring done (0.0s)
-- Generating done (0.0s)
-- Build files have been written to: /home/tiger/CascadeProjects/oatpp-mariadb/tmp/build-release
Building project...
[  2%] Building CXX object src/CMakeFiles/oatpp-mariadb.dir/oatpp-mariadb/QueryResult.cpp.o
[  5%] Linking CXX shared library liboatpp-mariadb.so
[ 27%] Built target oatpp-mariadb
[ 30%] Linking CXX executable oatpp-mariadb-tests
[100%] Built target oatpp-mariadb-tests
Release build completed successfully!
